nohup: ignoring input
Namespace(angular_in=2, angular_out=7, arb_sample=0, batch_size=1, dataset='Kalantari7x7', dataset_path='./LFData/Kalantari_train_fsgaf_7x7.h5', layer_num=4, lr=0.0001, max_epoch=301, num_cp=10, num_snapshot=1, patch_size=64, psv_range=4, psv_step=50, reduce=0.5, resume_epoch=0, shear_amount=0.0, smooth=0.001, step=100)
===> Loading datasets
loaded 90 LFIs from ./LFData/Kalantari_train_fsgaf_7x7.h5
building net
==>training
/home/bkrishna/anaconda3/envs/LFASR/lib/python3.6/site-packages/torch/nn/functional.py:4004: UserWarning: Default grid_sample and affine_grid behavior has changed to align_corners=False since 1.3.0. Please specify align_corners=True if the old behavior is desired. See the documentation of grid_sample for details.
  "Default grid_sample and affine_grid behavior has changed "
checkpoint saved to model_fixIn_Kalantari7x7_S4_pr4_ps50_lr0.0001_step100x0.5_shear0.0/model_epoch_10.pth
checkpoint saved to model_fixIn_Kalantari7x7_S4_pr4_ps50_lr0.0001_step100x0.5_shear0.0/model_epoch_20.pth
checkpoint saved to model_fixIn_Kalantari7x7_S4_pr4_ps50_lr0.0001_step100x0.5_shear0.0/model_epoch_30.pth
checkpoint saved to model_fixIn_Kalantari7x7_S4_pr4_ps50_lr0.0001_step100x0.5_shear0.0/model_epoch_40.pth
checkpoint saved to model_fixIn_Kalantari7x7_S4_pr4_ps50_lr0.0001_step100x0.5_shear0.0/model_epoch_50.pth
checkpoint saved to model_fixIn_Kalantari7x7_S4_pr4_ps50_lr0.0001_step100x0.5_shear0.0/model_epoch_60.pth
checkpoint saved to model_fixIn_Kalantari7x7_S4_pr4_ps50_lr0.0001_step100x0.5_shear0.0/model_epoch_70.pth
checkpoint saved to model_fixIn_Kalantari7x7_S4_pr4_ps50_lr0.0001_step100x0.5_shear0.0/model_epoch_80.pth
checkpoint saved to model_fixIn_Kalantari7x7_S4_pr4_ps50_lr0.0001_step100x0.5_shear0.0/model_epoch_90.pth
checkpoint saved to model_fixIn_Kalantari7x7_S4_pr4_ps50_lr0.0001_step100x0.5_shear0.0/model_epoch_100.pth
checkpoint saved to model_fixIn_Kalantari7x7_S4_pr4_ps50_lr0.0001_step100x0.5_shear0.0/model_epoch_110.pth
checkpoint saved to model_fixIn_Kalantari7x7_S4_pr4_ps50_lr0.0001_step100x0.5_shear0.0/model_epoch_120.pth
checkpoint saved to model_fixIn_Kalantari7x7_S4_pr4_ps50_lr0.0001_step100x0.5_shear0.0/model_epoch_130.pth
checkpoint saved to model_fixIn_Kalantari7x7_S4_pr4_ps50_lr0.0001_step100x0.5_shear0.0/model_epoch_140.pth
checkpoint saved to model_fixIn_Kalantari7x7_S4_pr4_ps50_lr0.0001_step100x0.5_shear0.0/model_epoch_150.pth
checkpoint saved to model_fixIn_Kalantari7x7_S4_pr4_ps50_lr0.0001_step100x0.5_shear0.0/model_epoch_160.pth
checkpoint saved to model_fixIn_Kalantari7x7_S4_pr4_ps50_lr0.0001_step100x0.5_shear0.0/model_epoch_170.pth
checkpoint saved to model_fixIn_Kalantari7x7_S4_pr4_ps50_lr0.0001_step100x0.5_shear0.0/model_epoch_180.pth
checkpoint saved to model_fixIn_Kalantari7x7_S4_pr4_ps50_lr0.0001_step100x0.5_shear0.0/model_epoch_190.pth
checkpoint saved to model_fixIn_Kalantari7x7_S4_pr4_ps50_lr0.0001_step100x0.5_shear0.0/model_epoch_200.pth
checkpoint saved to model_fixIn_Kalantari7x7_S4_pr4_ps50_lr0.0001_step100x0.5_shear0.0/model_epoch_210.pth
checkpoint saved to model_fixIn_Kalantari7x7_S4_pr4_ps50_lr0.0001_step100x0.5_shear0.0/model_epoch_220.pth
checkpoint saved to model_fixIn_Kalantari7x7_S4_pr4_ps50_lr0.0001_step100x0.5_shear0.0/model_epoch_230.pth
checkpoint saved to model_fixIn_Kalantari7x7_S4_pr4_ps50_lr0.0001_step100x0.5_shear0.0/model_epoch_240.pth
checkpoint saved to model_fixIn_Kalantari7x7_S4_pr4_ps50_lr0.0001_step100x0.5_shear0.0/model_epoch_250.pth
checkpoint saved to model_fixIn_Kalantari7x7_S4_pr4_ps50_lr0.0001_step100x0.5_shear0.0/model_epoch_260.pth
checkpoint saved to model_fixIn_Kalantari7x7_S4_pr4_ps50_lr0.0001_step100x0.5_shear0.0/model_epoch_270.pth
checkpoint saved to model_fixIn_Kalantari7x7_S4_pr4_ps50_lr0.0001_step100x0.5_shear0.0/model_epoch_280.pth
